This is pdfTeX, Version 3.14159265-2.6-1.40.16 (MiKTeX 2.9) (preloaded format=pdflatex 2016.1.5)  6 APR 2016 13:40
entering extended mode
**./document.tex
(document.tex
LaTeX2e <2015/10/01> patch level 2
Babel <3.9m> and hyphenation patterns for 69 languages loaded.
("C:\Users\Nikki\AppData\Local\Programs\MiKTeX 2.9\tex\latex\base\article.cls"
Document Class: article 2014/09/29 v1.4h Standard LaTeX document class
("C:\Users\Nikki\AppData\Local\Programs\MiKTeX 2.9\tex\latex\base\size12.clo"
File: size12.clo 2014/09/29 v1.4h Standard LaTeX file (size option)
)
\c@part=\count79
\c@section=\count80
\c@subsection=\count81
\c@subsubsection=\count82
\c@paragraph=\count83
\c@subparagraph=\count84
\c@figure=\count85
\c@table=\count86
\abovecaptionskip=\skip41
\belowcaptionskip=\skip42
\bibindent=\dimen102
) ("C:\Users\Nikki\AppData\Local\Programs\MiKTeX 2.9\tex\latex\base\inputenc.st
y"
Package: inputenc 2015/03/17 v1.2c Input encoding file
\inpenc@prehook=\toks14
\inpenc@posthook=\toks15
 ("C:\Users\Nikki\AppData\Local\Programs\MiKTeX 2.9\tex\latex\base\ascii.def"
File: ascii.def 2015/03/17 v1.2c Input encoding file
))
("C:\Users\Nikki\AppData\Local\Programs\MiKTeX 2.9\tex\latex\amsmath\amsmath.st
y"
Package: amsmath 2013/01/14 v2.14 AMS math features
\@mathmargin=\skip43

For additional information on amsmath, use the `?' option.

("C:\Users\Nikki\AppData\Local\Programs\MiKTeX 2.9\tex\latex\amsmath\amstext.st
y"
Package: amstext 2000/06/29 v2.01

("C:\Users\Nikki\AppData\Local\Programs\MiKTeX 2.9\tex\latex\amsmath\amsgen.sty
"
File: amsgen.sty 1999/11/30 v2.0
\@emptytoks=\toks16
\ex@=\dimen103
))
("C:\Users\Nikki\AppData\Local\Programs\MiKTeX 2.9\tex\latex\amsmath\amsbsy.sty
"
Package: amsbsy 1999/11/29 v1.2d
\pmbraise@=\dimen104
)
("C:\Users\Nikki\AppData\Local\Programs\MiKTeX 2.9\tex\latex\amsmath\amsopn.sty
"
Package: amsopn 1999/12/14 v2.01 operator names
)
\inf@bad=\count87
LaTeX Info: Redefining \frac on input line 210.
\uproot@=\count88
\leftroot@=\count89
LaTeX Info: Redefining \overline on input line 306.
\classnum@=\count90
\DOTSCASE@=\count91
LaTeX Info: Redefining \ldots on input line 378.
LaTeX Info: Redefining \dots on input line 381.
LaTeX Info: Redefining \cdots on input line 466.
\Mathstrutbox@=\box26
\strutbox@=\box27
\big@size=\dimen105
LaTeX Font Info:    Redeclaring font encoding OML on input line 566.
LaTeX Font Info:    Redeclaring font encoding OMS on input line 567.
\macc@depth=\count92
\c@MaxMatrixCols=\count93
\dotsspace@=\muskip10
\c@parentequation=\count94
\dspbrk@lvl=\count95
\tag@help=\toks17
\row@=\count96
\column@=\count97
\maxfields@=\count98
\andhelp@=\toks18
\eqnshift@=\dimen106
\alignsep@=\dimen107
\tagshift@=\dimen108
\tagwidth@=\dimen109
\totwidth@=\dimen110
\lineht@=\dimen111
\@envbody=\toks19
\multlinegap=\skip44
\multlinetaggap=\skip45
\mathdisplay@stack=\toks20
LaTeX Info: Redefining \[ on input line 2665.
LaTeX Info: Redefining \] on input line 2666.
)
("C:\Users\Nikki\AppData\Local\Programs\MiKTeX 2.9\tex\latex\amsfonts\amsfonts.
sty"
Package: amsfonts 2013/01/14 v3.01 Basic AMSFonts support
\symAMSa=\mathgroup4
\symAMSb=\mathgroup5
LaTeX Font Info:    Overwriting math alphabet `\mathfrak' in version `bold'
(Font)                  U/euf/m/n --> U/euf/b/n on input line 106.
)
("C:\Users\Nikki\AppData\Local\Programs\MiKTeX 2.9\tex\latex\amsfonts\amssymb.s
ty"
Package: amssymb 2013/01/14 v3.01 AMS font symbols
)
("C:\Users\Nikki\AppData\Local\Programs\MiKTeX 2.9\tex\latex\graphics\graphicx.
sty"
Package: graphicx 2014/10/28 v1.0g Enhanced LaTeX Graphics (DPC,SPQR)

("C:\Users\Nikki\AppData\Local\Programs\MiKTeX 2.9\tex\latex\graphics\keyval.st
y"
Package: keyval 2014/10/28 v1.15 key=value parser (DPC)
\KV@toks@=\toks21
)
("C:\Users\Nikki\AppData\Local\Programs\MiKTeX 2.9\tex\latex\graphics\graphics.
sty"
Package: graphics 2014/10/28 v1.0p Standard LaTeX Graphics (DPC,SPQR)

("C:\Users\Nikki\AppData\Local\Programs\MiKTeX 2.9\tex\latex\graphics\trig.sty"
Package: trig 1999/03/16 v1.09 sin cos tan (DPC)
)
("C:\Users\Nikki\AppData\Local\Programs\MiKTeX 2.9\tex\latex\00miktex\graphics.
cfg"
File: graphics.cfg 2007/01/18 v1.5 graphics configuration of teTeX/TeXLive
)
Package graphics Info: Driver file: pdftex.def on input line 94.

("C:\Users\Nikki\AppData\Local\Programs\MiKTeX 2.9\tex\latex\pdftex-def\pdftex.
def"
File: pdftex.def 2011/05/27 v0.06d Graphics/color for pdfTeX

("C:\Users\Nikki\AppData\Local\Programs\MiKTeX 2.9\tex\generic\oberdiek\infware
rr.sty"
Package: infwarerr 2010/04/08 v1.3 Providing info/warning/error messages (HO)
)
("C:\Users\Nikki\AppData\Local\Programs\MiKTeX 2.9\tex\generic\oberdiek\ltxcmds
.sty"
Package: ltxcmds 2011/11/09 v1.22 LaTeX kernel commands for general use (HO)
)
\Gread@gobject=\count99
))
\Gin@req@height=\dimen112
\Gin@req@width=\dimen113
)
("C:\Users\Nikki\AppData\Local\Programs\MiKTeX 2.9\tex\generic\babel\babel.sty"
Package: babel 2015/08/03 3.9m The Babel package
*************************************
* Local config file bblopts.cfg used
*

("C:\Users\Nikki\AppData\Local\Programs\MiKTeX 2.9\tex\latex\00miktex\bblopts.c
fg"
File: bblopts.cfg 2006/07/31 v1.0 MiKTeX 'babel' configuration
)
("C:\Users\Nikki\AppData\Local\Programs\MiKTeX 2.9\tex\latex\babel-dutch\dutch.
ldf"
Language: dutch 2005/03/30 v3.8i Dutch support from the babel system

("C:\Users\Nikki\AppData\Local\Programs\MiKTeX 2.9\tex\generic\babel\babel.def"
File: babel.def 2015/08/03 3.9m Babel common definitions
\babel@savecnt=\count100
\U@D=\dimen114
)
Package babel Info: Making " an active character on input line 132.
))
("C:\Users\Nikki\AppData\Local\Programs\MiKTeX 2.9\tex\latex\hyperref\hyperref.
sty"
Package: hyperref 2012/11/06 v6.83m Hypertext links for LaTeX

("C:\Users\Nikki\AppData\Local\Programs\MiKTeX 2.9\tex\generic\oberdiek\hobsub-
hyperref.sty"
Package: hobsub-hyperref 2012/04/25 v1.12 Bundle oberdiek, subset hyperref (HO)


("C:\Users\Nikki\AppData\Local\Programs\MiKTeX 2.9\tex\generic\oberdiek\hobsub-
generic.sty"
Package: hobsub-generic 2012/04/25 v1.12 Bundle oberdiek, subset generic (HO)
Package: hobsub 2012/04/25 v1.12 Construct package bundles (HO)
Package hobsub Info: Skipping package `infwarerr' (already loaded).
Package hobsub Info: Skipping package `ltxcmds' (already loaded).
Package: ifluatex 2010/03/01 v1.3 Provides the ifluatex switch (HO)
Package ifluatex Info: LuaTeX not detected.
Package: ifvtex 2010/03/01 v1.5 Detect VTeX and its facilities (HO)
Package ifvtex Info: VTeX not detected.
Package: intcalc 2007/09/27 v1.1 Expandable calculations with integers (HO)
Package: ifpdf 2011/01/30 v2.3 Provides the ifpdf switch (HO)
Package ifpdf Info: pdfTeX in PDF mode is detected.
Package: etexcmds 2011/02/16 v1.5 Avoid name clashes with e-TeX commands (HO)
Package etexcmds Info: Could not find \expanded.
(etexcmds)             That can mean that you are not using pdfTeX 1.50 or
(etexcmds)             that some package has redefined \expanded.
(etexcmds)             In the latter case, load this package earlier.
Package: kvsetkeys 2012/04/25 v1.16 Key value parser (HO)
Package: kvdefinekeys 2011/04/07 v1.3 Define keys (HO)
Package: pdftexcmds 2011/11/29 v0.20 Utility functions of pdfTeX for LuaTeX (HO
)
Package pdftexcmds Info: LuaTeX not detected.
Package pdftexcmds Info: \pdf@primitive is available.
Package pdftexcmds Info: \pdf@ifprimitive is available.
Package pdftexcmds Info: \pdfdraftmode found.
Package: pdfescape 2011/11/25 v1.13 Implements pdfTeX's escape features (HO)
Package: bigintcalc 2012/04/08 v1.3 Expandable calculations on big integers (HO
)
Package: bitset 2011/01/30 v1.1 Handle bit-vector datatype (HO)
Package: uniquecounter 2011/01/30 v1.2 Provide unlimited unique counter (HO)
)
Package hobsub Info: Skipping package `hobsub' (already loaded).
Package: letltxmacro 2010/09/02 v1.4 Let assignment for LaTeX macros (HO)
Package: hopatch 2011/06/24 v1.1 Wrapper for package hooks (HO)
Package: xcolor-patch 2011/01/30 xcolor patch
Package: atveryend 2011/06/30 v1.8 Hooks at the very end of document (HO)
Package atveryend Info: \enddocument detected (standard20110627).
Package: atbegshi 2011/10/05 v1.16 At begin shipout hook (HO)
Package: refcount 2011/10/16 v3.4 Data extraction from label references (HO)
Package: hycolor 2011/01/30 v1.7 Color options for hyperref/bookmark (HO)
)
("C:\Users\Nikki\AppData\Local\Programs\MiKTeX 2.9\tex\generic\ifxetex\ifxetex.
sty"
Package: ifxetex 2010/09/12 v0.6 Provides ifxetex conditional
)
("C:\Users\Nikki\AppData\Local\Programs\MiKTeX 2.9\tex\latex\oberdiek\auxhook.s
ty"
Package: auxhook 2011/03/04 v1.3 Hooks for auxiliary files (HO)
)
("C:\Users\Nikki\AppData\Local\Programs\MiKTeX 2.9\tex\latex\oberdiek\kvoptions
.sty"
Package: kvoptions 2011/06/30 v3.11 Key value format for package options (HO)
)
\@linkdim=\dimen115
\Hy@linkcounter=\count101
\Hy@pagecounter=\count102

("C:\Users\Nikki\AppData\Local\Programs\MiKTeX 2.9\tex\latex\hyperref\pd1enc.de
f"
File: pd1enc.def 2012/11/06 v6.83m Hyperref: PDFDocEncoding definition (HO)
)
\Hy@SavedSpaceFactor=\count103

("C:\Users\Nikki\AppData\Local\Programs\MiKTeX 2.9\tex\latex\00miktex\hyperref.
cfg"
File: hyperref.cfg 2002/06/06 v1.2 hyperref configuration of TeXLive
)
Package hyperref Info: Hyper figures OFF on input line 4443.
Package hyperref Info: Link nesting OFF on input line 4448.
Package hyperref Info: Hyper index ON on input line 4451.
Package hyperref Info: Plain pages OFF on input line 4458.
Package hyperref Info: Backreferencing OFF on input line 4463.
Package hyperref Info: Implicit mode ON; LaTeX internals redefined.
Package hyperref Info: Bookmarks ON on input line 4688.
\c@Hy@tempcnt=\count104
 ("C:\Users\Nikki\AppData\Local\Programs\MiKTeX 2.9\tex\latex\url\url.sty"
\Urlmuskip=\muskip11
Package: url 2013/09/16  ver 3.4  Verb mode for urls, etc.
)
LaTeX Info: Redefining \url on input line 5041.
\XeTeXLinkMargin=\dimen116
\Fld@menulength=\count105
\Field@Width=\dimen117
\Fld@charsize=\dimen118
Package hyperref Info: Hyper figures OFF on input line 6295.
Package hyperref Info: Link nesting OFF on input line 6300.
Package hyperref Info: Hyper index ON on input line 6303.
Package hyperref Info: backreferencing OFF on input line 6310.
Package hyperref Info: Link coloring OFF on input line 6315.
Package hyperref Info: Link coloring with OCG OFF on input line 6320.
Package hyperref Info: PDF/A mode OFF on input line 6325.
LaTeX Info: Redefining \ref on input line 6365.
LaTeX Info: Redefining \pageref on input line 6369.
\Hy@abspage=\count106
\c@Item=\count107
\c@Hfootnote=\count108
)

Package hyperref Message: Driver (autodetected): hpdftex.


("C:\Users\Nikki\AppData\Local\Programs\MiKTeX 2.9\tex\latex\hyperref\hpdftex.d
ef"
File: hpdftex.def 2012/11/06 v6.83m Hyperref driver for pdfTeX
\Fld@listcount=\count109
\c@bookmark@seq@number=\count110

("C:\Users\Nikki\AppData\Local\Programs\MiKTeX 2.9\tex\latex\oberdiek\rerunfile
check.sty"
Package: rerunfilecheck 2011/04/15 v1.7 Rerun checks for auxiliary files (HO)
Package uniquecounter Info: New unique counter `rerunfilecheck' on input line 2
82.
)
\Hy@SectionHShift=\skip46
)
("C:\Users\Nikki\AppData\Local\Programs\MiKTeX 2.9\tex\latex\geometry\geometry.
sty"
Package: geometry 2010/09/12 v5.6 Page Geometry
\Gm@cnth=\count111
\Gm@cntv=\count112
\c@Gm@tempcnt=\count113
\Gm@bindingoffset=\dimen119
\Gm@wd@mp=\dimen120
\Gm@odd@mp=\dimen121
\Gm@even@mp=\dimen122
\Gm@layoutwidth=\dimen123
\Gm@layoutheight=\dimen124
\Gm@layouthoffset=\dimen125
\Gm@layoutvoffset=\dimen126
\Gm@dimlist=\toks22

("C:\Users\Nikki\AppData\Local\Programs\MiKTeX 2.9\tex\latex\geometry\geometry.
cfg"))
("C:\Users\Nikki\AppData\Local\Programs\MiKTeX 2.9\tex\latex\tools\tabularx.sty
"
Package: tabularx 2014/10/28 v2.10 `tabularx' package (DPC)
 ("C:\Users\Nikki\AppData\Local\Programs\MiKTeX 2.9\tex\latex\tools\array.sty"
Package: array 2014/10/28 v2.4c Tabular extension package (FMi)
\col@sep=\dimen127
\extrarowheight=\dimen128
\NC@list=\toks23
\extratabsurround=\skip47
\backup@length=\skip48
)
\TX@col@width=\dimen129
\TX@old@table=\dimen130
\TX@old@col=\dimen131
\TX@target=\dimen132
\TX@delta=\dimen133
\TX@cols=\count114
\TX@ftn=\toks24
)
("C:\Users\Nikki\AppData\Local\Programs\MiKTeX 2.9\tex\latex\ltxmisc\parskip.st
y"
Package: parskip 2001/04/09 non-zero parskip adjustments
) ("C:\Users\Nikki\AppData\Local\Programs\MiKTeX 2.9\tex\latex\float\float.sty"
Package: float 2001/11/08 v1.3d Float enhancements (AL)
\c@float@type=\count115
\float@exts=\toks25
\float@box=\box28
\@float@everytoks=\toks26
\@floatcapt=\box29
) (document.aux)
\openout1 = `document.aux'.

LaTeX Font Info:    Checking defaults for OML/cmm/m/it on input line 18.
LaTeX Font Info:    ... okay on input line 18.
LaTeX Font Info:    Checking defaults for T1/cmr/m/n on input line 18.
LaTeX Font Info:    ... okay on input line 18.
LaTeX Font Info:    Checking defaults for OT1/cmr/m/n on input line 18.
LaTeX Font Info:    ... okay on input line 18.
LaTeX Font Info:    Checking defaults for OMS/cmsy/m/n on input line 18.
LaTeX Font Info:    ... okay on input line 18.
LaTeX Font Info:    Checking defaults for OMX/cmex/m/n on input line 18.
LaTeX Font Info:    ... okay on input line 18.
LaTeX Font Info:    Checking defaults for U/cmr/m/n on input line 18.
LaTeX Font Info:    ... okay on input line 18.
LaTeX Font Info:    Checking defaults for PD1/pdf/m/n on input line 18.
LaTeX Font Info:    ... okay on input line 18.

("C:\Users\Nikki\AppData\Local\Programs\MiKTeX 2.9\tex\context\base\supp-pdf.mk
ii"
[Loading MPS to PDF converter (version 2006.09.02).]
\scratchcounter=\count116
\scratchdimen=\dimen134
\scratchbox=\box30
\nofMPsegments=\count117
\nofMParguments=\count118
\everyMPshowfont=\toks27
\MPscratchCnt=\count119
\MPscratchDim=\dimen135
\MPnumerator=\count120
\makeMPintoPDFobject=\count121
\everyMPtoPDFconversion=\toks28
)
\AtBeginShipoutBox=\box31
Package hyperref Info: Link coloring OFF on input line 18.

("C:\Users\Nikki\AppData\Local\Programs\MiKTeX 2.9\tex\latex\hyperref\nameref.s
ty"
Package: nameref 2012/10/27 v2.43 Cross-referencing by name of section

("C:\Users\Nikki\AppData\Local\Programs\MiKTeX 2.9\tex\generic\oberdiek\gettitl
estring.sty"
Package: gettitlestring 2010/12/03 v1.4 Cleanup title references (HO)
)
\c@section@level=\count122
)
LaTeX Info: Redefining \ref on input line 18.
LaTeX Info: Redefining \pageref on input line 18.
LaTeX Info: Redefining \nameref on input line 18.
 (document.out) (document.out)
\@outlinefile=\write3
\openout3 = `document.out'.


*geometry* driver: auto-detecting
*geometry* detected driver: pdftex
*geometry* verbose mode - [ preamble ] result:
* driver: pdftex
* paper: a4paper
* layout: <same size as paper>
* layoutoffset:(h,v)=(0.0pt,0.0pt)
* modes: 
* h-part:(L,W,R)=(72.26999pt, 452.9679pt, 72.26999pt)
* v-part:(T,H,B)=(72.26999pt, 700.50687pt, 72.26999pt)
* \paperwidth=597.50787pt
* \paperheight=845.04684pt
* \textwidth=452.9679pt
* \textheight=700.50687pt
* \oddsidemargin=0.0pt
* \evensidemargin=0.0pt
* \topmargin=-37.0pt
* \headheight=12.0pt
* \headsep=25.0pt
* \topskip=12.0pt
* \footskip=30.0pt
* \marginparwidth=35.0pt
* \marginparsep=10.0pt
* \columnsep=10.0pt
* \skip\footins=10.8pt plus 4.0pt minus 2.0pt
* \hoffset=0.0pt
* \voffset=0.0pt
* \mag=1000
* \@twocolumnfalse
* \@twosidefalse
* \@mparswitchfalse
* \@reversemarginfalse
* (1in=72.27pt=25.4mm, 1cm=28.453pt)

LaTeX Font Info:    Try loading font information for U+msa on input line 20.
("C:\Users\Nikki\AppData\Local\Programs\MiKTeX 2.9\tex\latex\amsfonts\umsa.fd"
File: umsa.fd 2013/01/14 v3.01 AMS symbols A
)
LaTeX Font Info:    Try loading font information for U+msb on input line 20.
("C:\Users\Nikki\AppData\Local\Programs\MiKTeX 2.9\tex\latex\amsfonts\umsb.fd"
File: umsb.fd 2013/01/14 v3.01 AMS symbols B
)
Package babel Info: Redefining dutch shorthand "|
(babel)             in language  on input line 20.
Package babel Info: Redefining dutch shorthand "~
(babel)             in language  on input line 20.
Package babel Info: Redefining dutch shorthand "|
(babel)             in language  on input line 20.
Package babel Info: Redefining dutch shorthand "~
(babel)             in language  on input line 20.
[1

{C:/Users/Nikki/AppData/Local/MiKTeX/2.9/pdftex/config/pdftex.map}]
(document.toc)
\tf@toc=\write4
\openout4 = `document.toc'.

Package babel Info: Redefining dutch shorthand "|
(babel)             in language  on input line 22.
Package babel Info: Redefining dutch shorthand "~
(babel)             in language  on input line 22.
Package babel Info: Redefining dutch shorthand "|
(babel)             in language  on input line 22.
Package babel Info: Redefining dutch shorthand "~
(babel)             in language  on input line 22.
 [2]
Package babel Info: Redefining dutch shorthand "|
(babel)             in language  on input line 24.
Package babel Info: Redefining dutch shorthand "~
(babel)             in language  on input line 24.
Package babel Info: Redefining dutch shorthand "|
(babel)             in language  on input line 27.
Package babel Info: Redefining dutch shorthand "~
(babel)             in language  on input line 27.
 <vastzetten_motor.jpg, id=41, 4111.36pt x 2312.64pt>
File: vastzetten_motor.jpg Graphic file (type jpg)

<use vastzetten_motor.jpg>
Package pdftex.def Info: vastzetten_motor.jpg used on input line 61.
(pdftex.def)             Requested size: 317.07614pt x 178.34555pt.
Package babel Info: Redefining dutch shorthand "|
(babel)             in language  on input line 64.
Package babel Info: Redefining dutch shorthand "~
(babel)             in language  on input line 64.
Package babel Info: Redefining dutch shorthand "|
(babel)             in language  on input line 64.
Package babel Info: Redefining dutch shorthand "~
(babel)             in language  on input line 64.
 [3pdfTeX warning (ext4): destination with the same identifier (name{table.1}) 
has been already used, duplicate ignored

\AtBegShi@Output ...ipout \box \AtBeginShipoutBox 
                                                  \fi \fi 
l.64 	\item M
             onteer de plank in de lengte aan het autochasis.]
File: vastzetten_motor.jpg Graphic file (type jpg)

<use vastzetten_motor.jpg>
Package pdftex.def Info: vastzetten_motor.jpg used on input line 67.
(pdftex.def)             Requested size: 317.07614pt x 178.34555pt.

<vastzetten_motorcontroller.jpg, id=48, 4111.36pt x 2312.64pt>
File: vastzetten_motorcontroller.jpg Graphic file (type jpg)

<use vastzetten_motorcontroller.jpg>
Package pdftex.def Info: vastzetten_motorcontroller.jpg used on input line 73.
(pdftex.def)             Requested size: 317.07614pt x 178.34555pt.

<vastzetten_onderdelen.jpg, id=49, 4111.36pt x 2312.64pt>
File: vastzetten_onderdelen.jpg Graphic file (type jpg)

<use vastzetten_onderdelen.jpg>
Package pdftex.def Info: vastzetten_onderdelen.jpg used on input line 79.
(pdftex.def)             Requested size: 317.07614pt x 178.34555pt.

<vastzetten_zijkant.jpg, id=50, 4111.36pt x 2312.64pt>
File: vastzetten_zijkant.jpg Graphic file (type jpg)

<use vastzetten_zijkant.jpg>
Package pdftex.def Info: vastzetten_zijkant.jpg used on input line 84.
(pdftex.def)             Requested size: 317.07614pt x 178.34555pt.
Package babel Info: Redefining dutch shorthand "|
(babel)             in language  on input line 86.
Package babel Info: Redefining dutch shorthand "~
(babel)             in language  on input line 86.
Package babel Info: Redefining dutch shorthand "|
(babel)             in language  on input line 86.
Package babel Info: Redefining dutch shorthand "~
(babel)             in language  on input line 86.
 [4 <./vastzetten_motor.jpg> <./vastzetten_motorcontroller.jpg>]
Package babel Info: Redefining dutch shorthand "|
(babel)             in language  on input line 125.
Package babel Info: Redefining dutch shorthand "~
(babel)             in language  on input line 125.
Package babel Info: Redefining dutch shorthand "|
(babel)             in language  on input line 125.
Package babel Info: Redefining dutch shorthand "~
(babel)             in language  on input line 125.
 [5 <./vastzetten_onderdelen.jpg> <./vastzetten_zijkant.jpg>]
Package babel Info: Redefining dutch shorthand "|
(babel)             in language  on input line 126.
Package babel Info: Redefining dutch shorthand "~
(babel)             in language  on input line 126.
Package babel Info: Redefining dutch shorthand "|
(babel)             in language  on input line 126.
Package babel Info: Redefining dutch shorthand "~
(babel)             in language  on input line 126.

[6pdfTeX warning (ext4): destination with the same identifier (name{figure.1}) 
has been already used, duplicate ignored

\AtBegShi@Output ...ipout \box \AtBeginShipoutBox 
                                                  \fi \fi 
l.126 \newpage
              ]
Package babel Info: Redefining dutch shorthand "|
(babel)             in language  on input line 127.
Package babel Info: Redefining dutch shorthand "~
(babel)             in language  on input line 127.
 <vastzetten_auto.jpg, id=70, 2312.64pt x 4111.36pt>
File: vastzetten_auto.jpg Graphic file (type jpg)

<use vastzetten_auto.jpg>
Package pdftex.def Info: vastzetten_auto.jpg used on input line 161.
(pdftex.def)             Requested size: 317.07614pt x 563.66698pt.
 <zijkant.jpg, id=71, 4111.36pt x 2312.64pt>
File: zijkant.jpg Graphic file (type jpg)

<use zijkant.jpg>
Package pdftex.def Info: zijkant.jpg used on input line 166.
(pdftex.def)             Requested size: 317.07614pt x 178.34555pt.
Package babel Info: Redefining dutch shorthand "|
(babel)             in language  on input line 168.
Package babel Info: Redefining dutch shorthand "~
(babel)             in language  on input line 168.
Package babel Info: Redefining dutch shorthand "|
(babel)             in language  on input line 168.
Package babel Info: Redefining dutch shorthand "~
(babel)             in language  on input line 168.
 [7pdfTeX warning (ext4): destination with the same identifier (name{table.2}) 
has been already used, duplicate ignored

\AtBegShi@Output ...ipout \box \AtBeginShipoutBox 
                                                  \fi \fi 
l.168 		\end{figure}
                    ]
Package babel Info: Redefining dutch shorthand "|
(babel)             in language  on input line 169.
Package babel Info: Redefining dutch shorthand "~
(babel)             in language  on input line 169.
Package babel Info: Redefining dutch shorthand "|
(babel)             in language  on input line 169.
Package babel Info: Redefining dutch shorthand "~
(babel)             in language  on input line 169.
 [8 <./vastzetten_auto.jpg>]
<ai_ball.jpg, id=86, 4111.36pt x 2312.64pt>
File: ai_ball.jpg Graphic file (type jpg)
 <use ai_ball.jpg>
Package pdftex.def Info: ai_ball.jpg used on input line 172.
(pdftex.def)             Requested size: 317.07614pt x 178.34555pt.
Package babel Info: Redefining dutch shorthand "|
(babel)             in language  on input line 177.
Package babel Info: Redefining dutch shorthand "~
(babel)             in language  on input line 177.
Package babel Info: Redefining dutch shorthand "|
(babel)             in language  on input line 177.
Package babel Info: Redefining dutch shorthand "~
(babel)             in language  on input line 177.
 [9 <./zijkant.jpg> <./ai_ball.jpg>]
Package babel Info: Redefining dutch shorthand "|
(babel)             in language  on input line 224.
Package babel Info: Redefining dutch shorthand "~
(babel)             in language  on input line 224.
Package babel Info: Redefining dutch shorthand "|
(babel)             in language  on input line 225.
Package babel Info: Redefining dutch shorthand "~
(babel)             in language  on input line 225.
Package babel Info: Redefining dutch shorthand "|
(babel)             in language  on input line 227.
Package babel Info: Redefining dutch shorthand "~
(babel)             in language  on input line 227.
Package babel Info: Redefining dutch shorthand "|
(babel)             in language  on input line 227.
Package babel Info: Redefining dutch shorthand "~
(babel)             in language  on input line 227.
 [10pdfTeX warning (ext4): destination with the same identifier (name{table.3})
 has been already used, duplicate ignored

\AtBegShi@Output ...ipout \box \AtBeginShipoutBox 
                                                  \fi \fi 
l.227 
      ]
Underfull \hbox (badness 10000) in paragraph at lines 241--241
[]|[]$\OT1/cmtt/m/n/12 https : / / github . com / adafruit / Adafruit _$
 []


Underfull \hbox (badness 10000) in paragraph at lines 241--241
[]|[]$\OT1/cmtt/m/n/12 https : / / github . com / adafruit / Adafruit _$
 []


Underfull \hbox (badness 10000) in paragraph at lines 241--241
[]|[]$\OT1/cmtt/m/n/12 https : / / github . com / adafruit / Adafruit _$
 []

<Add_ZIP.jpg, id=109, 1028.34187pt x 548.0475pt>
File: Add_ZIP.jpg Graphic file (type jpg)
 <use Add_ZIP.jpg>
Package pdftex.def Info: Add_ZIP.jpg used on input line 249.
(pdftex.def)             Requested size: 317.07614pt x 168.98145pt.


LaTeX Warning: `h' float specifier changed to `ht'.

Package babel Info: Redefining dutch shorthand "|
(babel)             in language  on input line 258.
Package babel Info: Redefining dutch shorthand "~
(babel)             in language  on input line 258.
Package babel Info: Redefining dutch shorthand "|
(babel)             in language  on input line 258.
Package babel Info: Redefining dutch shorthand "~
(babel)             in language  on input line 258.
[11pdfTeX warning (ext4): destination with the same identifier (name{table.4}) 
has been already used, duplicate ignored

\AtBegShi@Output ...ipout \box \AtBeginShipoutBox 
                                                  \fi \fi 
l.258 \newpage
              ]
Underfull \hbox (badness 4846) in paragraph at lines 261--263
[]\OT1/cmr/m/n/12 Townsend, K. (2015, 04 mei). Get-ting Star-ted with the nRF80
01 Blu-
 []


Underfull \hbox (badness 10000) in paragraph at lines 261--263
\OT1/cmr/m/n/12 e-fruit LE Break-out. Ge-raad-pleegd van []$\OT1/cmtt/m/n/12 ht
tps : / / learn . adafruit . com /$
 []


Underfull \hbox (badness 10000) in paragraph at lines 281--283
[]\OT1/cmr/m/n/12 DX. (z.j). DIY In-tel-li-gent Tor-toise Smart Wheel Ro-
 []


Underfull \hbox (badness 10000) in paragraph at lines 281--283
\OT1/cmr/m/n/12 bot Module-Black. Ge-raad-pleegd van []$\OT1/cmtt/m/n/12 http :
 / / www . dx . com / p /$
 []


Underfull \hbox (badness 10000) in paragraph at lines 281--283
$\OT1/cmtt/m/n/12 diy-[]intelligent-[]tortoise-[]smart-[]wheel-[]robot-[]module
-[]173668 ? tc = EUR &$
 []


Underfull \hbox (badness 10000) in paragraph at lines 285--287
[]\OT1/cmr/m/n/12 DX. (z.j). Blue-tooth Con-trol-led Ro-bot Car Kits
 []


Underfull \hbox (badness 10000) in paragraph at lines 285--287
\OT1/cmr/m/n/12 for Ar-duino. Ge-raad-pleegd van []$\OT1/cmtt/m/n/12 http : / /
 www . dx . com / p /$
 []


Underfull \hbox (badness 10000) in paragraph at lines 285--287
$\OT1/cmtt/m/n/12 arduino-[]compatible-[]bluetooth-[]controlled-[]robot-[]car-[
]kits-[]146418 #$
 []

Package babel Info: Redefining dutch shorthand "|
(babel)             in language  on input line 299.
Package babel Info: Redefining dutch shorthand "~
(babel)             in language  on input line 299.
Package babel Info: Redefining dutch shorthand "|
(babel)             in language  on input line 299.
Package babel Info: Redefining dutch shorthand "~
(babel)             in language  on input line 299.
[12pdfTeX warning (ext4): destination with the same identifier (name{figure.2})
 has been already used, duplicate ignored

\AtBegShi@Output ...ipout \box \AtBeginShipoutBox 
                                                  \fi \fi 
l.299 
       <./Add_ZIP.jpg>]
Package atveryend Info: Empty hook `BeforeClearDocument' on input line 308.
Package babel Info: Redefining dutch shorthand "|
(babel)             in language  on input line 308.
Package babel Info: Redefining dutch shorthand "~
(babel)             in language  on input line 308.
Package babel Info: Redefining dutch shorthand "|
(babel)             in language  on input line 308.
Package babel Info: Redefining dutch shorthand "~
(babel)             in language  on input line 308.
 [13]
Package atveryend Info: Empty hook `AfterLastShipout' on input line 308.
 (document.aux)
Package atveryend Info: Executing hook `AtVeryEndDocument' on input line 308.
Package atveryend Info: Executing hook `AtEndAfterFileList' on input line 308.
Package rerunfilecheck Info: File `document.out' has not changed.
(rerunfilecheck)             Checksum: C0353AB8189B837AED730A632F2B9AD3;249.
Package atveryend Info: Empty hook `AtVeryVeryEnd' on input line 308.
 ) 
Here is how much of TeX's memory you used:
 6991 strings out of 493634
 101510 string characters out of 3135240
 210547 words of memory out of 3000000
 10239 multiletter control sequences out of 15000+200000
 12572 words of font info for 49 fonts, out of 3000000 for 9000
 1025 hyphenation exceptions out of 8191
 29i,10n,32p,595b,443s stack positions out of 5000i,500n,10000p,200000b,50000s
<C:/Users/Nikki/AppData/Local/Programs/MiKTeX 2.9/fonts/type1/public/amsfonts
/cm/cmbx12.pfb><C:/Users/Nikki/AppData/Local/Programs/MiKTeX 2.9/fonts/type1/pu
blic/amsfonts/cm/cmr12.pfb><C:/Users/Nikki/AppData/Local/Programs/MiKTeX 2.9/fo
nts/type1/public/amsfonts/cm/cmr17.pfb><C:/Users/Nikki/AppData/Local/Programs/M
iKTeX 2.9/fonts/type1/public/amsfonts/cm/cmsy10.pfb><C:/Users/Nikki/AppData/Loc
al/Programs/MiKTeX 2.9/fonts/type1/public/amsfonts/cm/cmtt12.pfb>
Output written on document.pdf (13 pages, 24914406 bytes).
PDF statistics:
 199 PDF objects out of 1000 (max. 8388607)
 47 named destinations out of 1000 (max. 500000)
 81 words of extra memory for PDF output out of 10000 (max. 10000000)

